Analysis & Synthesis report for FINAL
Wed Dec  4 16:49:18 2024
Quartus Prime Version 23.1std.0 Build 991 11/28/2023 SC Lite Edition


---------------------
; Table of Contents ;
---------------------
  1. Legal Notice
  2. Analysis & Synthesis Summary
  3. Analysis & Synthesis Settings
  4. Parallel Compilation
  5. Analysis & Synthesis Source Files Read
  6. Analysis & Synthesis Resource Usage Summary
  7. Analysis & Synthesis Resource Utilization by Entity
  8. Registers Removed During Synthesis
  9. General Register Statistics
 10. Multiplexer Restructuring Statistics (Restructuring Performed)
 11. Parameter Settings for Inferred Entity Instance: counter:display_counter|lpm_divide:Mod0
 12. Parameter Settings for Inferred Entity Instance: counter:display_counter|lpm_divide:Div0
 13. Post-Synthesis Netlist Statistics for Top Partition
 14. Elapsed Time Per Partition
 15. Analysis & Synthesis Messages



----------------
; Legal Notice ;
----------------
Copyright (C) 2023  Intel Corporation. All rights reserved.
Your use of Intel Corporation's design tools, logic functions 
and other software and tools, and any partner logic 
functions, and any output files from any of the foregoing 
(including device programming or simulation files), and any 
associated documentation or information are expressly subject 
to the terms and conditions of the Intel Program License 
Subscription Agreement, the Intel Quartus Prime License Agreement,
the Intel FPGA IP License Agreement, or other applicable license
agreement, including, without limitation, that your use is for
the sole purpose of programming logic devices manufactured by
Intel and sold by Intel or its authorized distributors.  Please
refer to the applicable agreement for further details, at
https://fpgasoftware.intel.com/eula.



+-------------------------------------------------------------------------------------+
; Analysis & Synthesis Summary                                                        ;
+------------------------------------+------------------------------------------------+
; Analysis & Synthesis Status        ; Successful - Wed Dec  4 16:49:18 2024          ;
; Quartus Prime Version              ; 23.1std.0 Build 991 11/28/2023 SC Lite Edition ;
; Revision Name                      ; FINAL                                          ;
; Top-level Entity Name              ; FINAL                                          ;
; Family                             ; Cyclone IV E                                   ;
; Total logic elements               ; 129                                            ;
;     Total combinational functions  ; 127                                            ;
;     Dedicated logic registers      ; 12                                             ;
; Total registers                    ; 12                                             ;
; Total pins                         ; 25                                             ;
; Total virtual pins                 ; 0                                              ;
; Total memory bits                  ; 0                                              ;
; Embedded Multiplier 9-bit elements ; 0                                              ;
; Total PLLs                         ; 0                                              ;
+------------------------------------+------------------------------------------------+


+------------------------------------------------------------------------------------------------------------+
; Analysis & Synthesis Settings                                                                              ;
+------------------------------------------------------------------+--------------------+--------------------+
; Option                                                           ; Setting            ; Default Value      ;
+------------------------------------------------------------------+--------------------+--------------------+
; Device                                                           ; EP4CE115F29C7      ;                    ;
; Top-level entity name                                            ; FINAL              ; FINAL              ;
; Family name                                                      ; Cyclone IV E       ; Cyclone V          ;
; Use smart compilation                                            ; Off                ; Off                ;
; Enable parallel Assembler and Timing Analyzer during compilation ; On                 ; On                 ;
; Enable compact report table                                      ; Off                ; Off                ;
; Restructure Multiplexers                                         ; Auto               ; Auto               ;
; Create Debugging Nodes for IP Cores                              ; Off                ; Off                ;
; Preserve fewer node names                                        ; On                 ; On                 ;
; Intel FPGA IP Evaluation Mode                                    ; Enable             ; Enable             ;
; Verilog Version                                                  ; Verilog_2001       ; Verilog_2001       ;
; VHDL Version                                                     ; VHDL_1993          ; VHDL_1993          ;
; State Machine Processing                                         ; Auto               ; Auto               ;
; Safe State Machine                                               ; Off                ; Off                ;
; Extract Verilog State Machines                                   ; On                 ; On                 ;
; Extract VHDL State Machines                                      ; On                 ; On                 ;
; Ignore Verilog initial constructs                                ; Off                ; Off                ;
; Iteration limit for constant Verilog loops                       ; 5000               ; 5000               ;
; Iteration limit for non-constant Verilog loops                   ; 250                ; 250                ;
; Add Pass-Through Logic to Inferred RAMs                          ; On                 ; On                 ;
; Infer RAMs from Raw Logic                                        ; On                 ; On                 ;
; Parallel Synthesis                                               ; On                 ; On                 ;
; DSP Block Balancing                                              ; Auto               ; Auto               ;
; NOT Gate Push-Back                                               ; On                 ; On                 ;
; Power-Up Don't Care                                              ; On                 ; On                 ;
; Remove Redundant Logic Cells                                     ; Off                ; Off                ;
; Remove Duplicate Registers                                       ; On                 ; On                 ;
; Ignore CARRY Buffers                                             ; Off                ; Off                ;
; Ignore CASCADE Buffers                                           ; Off                ; Off                ;
; Ignore GLOBAL Buffers                                            ; Off                ; Off                ;
; Ignore ROW GLOBAL Buffers                                        ; Off                ; Off                ;
; Ignore LCELL Buffers                                             ; Off                ; Off                ;
; Ignore SOFT Buffers                                              ; On                 ; On                 ;
; Limit AHDL Integers to 32 Bits                                   ; Off                ; Off                ;
; Optimization Technique                                           ; Balanced           ; Balanced           ;
; Carry Chain Length                                               ; 70                 ; 70                 ;
; Auto Carry Chains                                                ; On                 ; On                 ;
; Auto Open-Drain Pins                                             ; On                 ; On                 ;
; Perform WYSIWYG Primitive Resynthesis                            ; Off                ; Off                ;
; Auto ROM Replacement                                             ; On                 ; On                 ;
; Auto RAM Replacement                                             ; On                 ; On                 ;
; Auto DSP Block Replacement                                       ; On                 ; On                 ;
; Auto Shift Register Replacement                                  ; Auto               ; Auto               ;
; Allow Shift Register Merging across Hierarchies                  ; Auto               ; Auto               ;
; Auto Clock Enable Replacement                                    ; On                 ; On                 ;
; Strict RAM Replacement                                           ; Off                ; Off                ;
; Allow Synchronous Control Signals                                ; On                 ; On                 ;
; Force Use of Synchronous Clear Signals                           ; Off                ; Off                ;
; Auto RAM Block Balancing                                         ; On                 ; On                 ;
; Auto RAM to Logic Cell Conversion                                ; Off                ; Off                ;
; Auto Resource Sharing                                            ; Off                ; Off                ;
; Allow Any RAM Size For Recognition                               ; Off                ; Off                ;
; Allow Any ROM Size For Recognition                               ; Off                ; Off                ;
; Allow Any Shift Register Size For Recognition                    ; Off                ; Off                ;
; Use LogicLock Constraints during Resource Balancing              ; On                 ; On                 ;
; Ignore translate_off and synthesis_off directives                ; Off                ; Off                ;
; Timing-Driven Synthesis                                          ; On                 ; On                 ;
; Report Parameter Settings                                        ; On                 ; On                 ;
; Report Source Assignments                                        ; On                 ; On                 ;
; Report Connectivity Checks                                       ; On                 ; On                 ;
; Ignore Maximum Fan-Out Assignments                               ; Off                ; Off                ;
; Synchronization Register Chain Length                            ; 2                  ; 2                  ;
; Power Optimization During Synthesis                              ; Normal compilation ; Normal compilation ;
; HDL message level                                                ; Level2             ; Level2             ;
; Suppress Register Optimization Related Messages                  ; Off                ; Off                ;
; Number of Removed Registers Reported in Synthesis Report         ; 5000               ; 5000               ;
; Number of Swept Nodes Reported in Synthesis Report               ; 5000               ; 5000               ;
; Number of Inverted Registers Reported in Synthesis Report        ; 100                ; 100                ;
; Clock MUX Protection                                             ; On                 ; On                 ;
; Auto Gated Clock Conversion                                      ; Off                ; Off                ;
; Block Design Naming                                              ; Auto               ; Auto               ;
; SDC constraint protection                                        ; Off                ; Off                ;
; Synthesis Effort                                                 ; Auto               ; Auto               ;
; Shift Register Replacement - Allow Asynchronous Clear Signal     ; On                 ; On                 ;
; Pre-Mapping Resynthesis Optimization                             ; Off                ; Off                ;
; Analysis & Synthesis Message Level                               ; Medium             ; Medium             ;
; Disable Register Merging Across Hierarchies                      ; Auto               ; Auto               ;
; Resource Aware Inference For Block RAM                           ; On                 ; On                 ;
+------------------------------------------------------------------+--------------------+--------------------+


+------------------------------------------+
; Parallel Compilation                     ;
+----------------------------+-------------+
; Processors                 ; Number      ;
+----------------------------+-------------+
; Number detected on machine ; 4           ;
; Maximum allowed            ; 2           ;
;                            ;             ;
; Average used               ; 1.00        ;
; Maximum used               ; 2           ;
;                            ;             ;
; Usage by Processor         ; % Time Used ;
;     Processor 1            ; 100.0%      ;
;     Processor 2            ;   0.0%      ;
+----------------------------+-------------+


+-----------------------------------------------------------------------------------------------------------------------------------------------------------------------------------------------------------------+
; Analysis & Synthesis Source Files Read                                                                                                                                                                          ;
+----------------------------------+-----------------+------------------------------+-------------------------------------------------------------------------------------------------------------------+---------+
; File Name with User-Entered Path ; Used in Netlist ; File Type                    ; File Name with Absolute Path                                                                                      ; Library ;
+----------------------------------+-----------------+------------------------------+-------------------------------------------------------------------------------------------------------------------+---------+
; counter.vhd                      ; yes             ; User VHDL File               ; /home/saao/repositorios/Repositorio_Github/Universidad Del Norte/diseño digital/FINAL/counter.vhd                ;         ;
; FINAL.vhd                        ; yes             ; User VHDL File               ; /home/saao/repositorios/Repositorio_Github/Universidad Del Norte/diseño digital/FINAL/FINAL.vhd                  ;         ;
; lpm_divide.tdf                   ; yes             ; Megafunction                 ; /opt/intelFPGA/23.1/quartus/libraries/megafunctions/lpm_divide.tdf                                                ;         ;
; abs_divider.inc                  ; yes             ; Megafunction                 ; /opt/intelFPGA/23.1/quartus/libraries/megafunctions/abs_divider.inc                                               ;         ;
; sign_div_unsign.inc              ; yes             ; Megafunction                 ; /opt/intelFPGA/23.1/quartus/libraries/megafunctions/sign_div_unsign.inc                                           ;         ;
; aglobal231.inc                   ; yes             ; Megafunction                 ; /opt/intelFPGA/23.1/quartus/libraries/megafunctions/aglobal231.inc                                                ;         ;
; db/lpm_divide_m9m.tdf            ; yes             ; Auto-Generated Megafunction  ; /home/saao/repositorios/Repositorio_Github/Universidad Del Norte/diseño digital/FINAL/db/lpm_divide_m9m.tdf      ;         ;
; db/sign_div_unsign_bkh.tdf       ; yes             ; Auto-Generated Megafunction  ; /home/saao/repositorios/Repositorio_Github/Universidad Del Norte/diseño digital/FINAL/db/sign_div_unsign_bkh.tdf ;         ;
; db/alt_u_div_a4f.tdf             ; yes             ; Auto-Generated Megafunction  ; /home/saao/repositorios/Repositorio_Github/Universidad Del Norte/diseño digital/FINAL/db/alt_u_div_a4f.tdf       ;         ;
; db/add_sub_7pc.tdf               ; yes             ; Auto-Generated Megafunction  ; /home/saao/repositorios/Repositorio_Github/Universidad Del Norte/diseño digital/FINAL/db/add_sub_7pc.tdf         ;         ;
; db/add_sub_8pc.tdf               ; yes             ; Auto-Generated Megafunction  ; /home/saao/repositorios/Repositorio_Github/Universidad Del Norte/diseño digital/FINAL/db/add_sub_8pc.tdf         ;         ;
; db/lpm_divide_hhm.tdf            ; yes             ; Auto-Generated Megafunction  ; /home/saao/repositorios/Repositorio_Github/Universidad Del Norte/diseño digital/FINAL/db/lpm_divide_hhm.tdf      ;         ;
; db/sign_div_unsign_9kh.tdf       ; yes             ; Auto-Generated Megafunction  ; /home/saao/repositorios/Repositorio_Github/Universidad Del Norte/diseño digital/FINAL/db/sign_div_unsign_9kh.tdf ;         ;
; db/alt_u_div_64f.tdf             ; yes             ; Auto-Generated Megafunction  ; /home/saao/repositorios/Repositorio_Github/Universidad Del Norte/diseño digital/FINAL/db/alt_u_div_64f.tdf       ;         ;
+----------------------------------+-----------------+------------------------------+-------------------------------------------------------------------------------------------------------------------+---------+


+-------------------------------------------------------------------------------------------------------------------------------------------------------------------------------------------------+
; Analysis & Synthesis Resource Usage Summary                                                                                                                                                     ;
+---------------------------------------------+---------------------------------------------------------------------------------------------------------------------------------------------------+
; Resource                                    ; Usage                                                                                                                                             ;
+---------------------------------------------+---------------------------------------------------------------------------------------------------------------------------------------------------+
; Estimated Total logic elements              ; 129                                                                                                                                               ;
;                                             ;                                                                                                                                                   ;
; Total combinational functions               ; 127                                                                                                                                               ;
; Logic element usage by number of LUT inputs ;                                                                                                                                                   ;
;     -- 4 input functions                    ; 30                                                                                                                                                ;
;     -- 3 input functions                    ; 38                                                                                                                                                ;
;     -- <=2 input functions                  ; 59                                                                                                                                                ;
;                                             ;                                                                                                                                                   ;
; Logic elements by mode                      ;                                                                                                                                                   ;
;     -- normal mode                          ; 99                                                                                                                                                ;
;     -- arithmetic mode                      ; 28                                                                                                                                                ;
;                                             ;                                                                                                                                                   ;
; Total registers                             ; 12                                                                                                                                                ;
;     -- Dedicated logic registers            ; 12                                                                                                                                                ;
;     -- I/O registers                        ; 0                                                                                                                                                 ;
;                                             ;                                                                                                                                                   ;
; I/O pins                                    ; 25                                                                                                                                                ;
;                                             ;                                                                                                                                                   ;
; Embedded Multiplier 9-bit elements          ; 0                                                                                                                                                 ;
;                                             ;                                                                                                                                                   ;
; Maximum fan-out node                        ; counter:display_counter|lpm_divide:Div0|lpm_divide_hhm:auto_generated|sign_div_unsign_9kh:divider|alt_u_div_64f:divider|add_sub_3_result_int[4]~6 ;
; Maximum fan-out                             ; 17                                                                                                                                                ;
; Total fan-out                               ; 427                                                                                                                                               ;
; Average fan-out                             ; 2.26                                                                                                                                              ;
+---------------------------------------------+---------------------------------------------------------------------------------------------------------------------------------------------------+


+--------------------------------------------------------------------------------------------------------------------------------------------------------------------------------------------------------------------------------------------------------------------------------------------------------------------------------------------+
; Analysis & Synthesis Resource Utilization by Entity                                                                                                                                                                                                                                                                                        ;
+-------------------------------------------+---------------------+---------------------------+-------------+--------------+---------+-----------+------+--------------+--------------------------------------------------------------------------------------------------------------------------------+---------------------+--------------+
; Compilation Hierarchy Node                ; Combinational ALUTs ; Dedicated Logic Registers ; Memory Bits ; DSP Elements ; DSP 9x9 ; DSP 18x18 ; Pins ; Virtual Pins ; Full Hierarchy Name                                                                                                            ; Entity Name         ; Library Name ;
+-------------------------------------------+---------------------+---------------------------+-------------+--------------+---------+-----------+------+--------------+--------------------------------------------------------------------------------------------------------------------------------+---------------------+--------------+
; |FINAL                                    ; 127 (47)            ; 12 (12)                   ; 0           ; 0            ; 0       ; 0         ; 25   ; 0            ; |FINAL                                                                                                                         ; FINAL               ; work         ;
;    |counter:display_counter|              ; 80 (14)             ; 0 (0)                     ; 0           ; 0            ; 0       ; 0         ; 0    ; 0            ; |FINAL|counter:display_counter                                                                                                 ; counter             ; work         ;
;       |lpm_divide:Div0|                   ; 30 (0)              ; 0 (0)                     ; 0           ; 0            ; 0       ; 0         ; 0    ; 0            ; |FINAL|counter:display_counter|lpm_divide:Div0                                                                                 ; lpm_divide          ; work         ;
;          |lpm_divide_hhm:auto_generated|  ; 30 (0)              ; 0 (0)                     ; 0           ; 0            ; 0       ; 0         ; 0    ; 0            ; |FINAL|counter:display_counter|lpm_divide:Div0|lpm_divide_hhm:auto_generated                                                   ; lpm_divide_hhm      ; work         ;
;             |sign_div_unsign_9kh:divider| ; 30 (0)              ; 0 (0)                     ; 0           ; 0            ; 0       ; 0         ; 0    ; 0            ; |FINAL|counter:display_counter|lpm_divide:Div0|lpm_divide_hhm:auto_generated|sign_div_unsign_9kh:divider                       ; sign_div_unsign_9kh ; work         ;
;                |alt_u_div_64f:divider|    ; 30 (30)             ; 0 (0)                     ; 0           ; 0            ; 0       ; 0         ; 0    ; 0            ; |FINAL|counter:display_counter|lpm_divide:Div0|lpm_divide_hhm:auto_generated|sign_div_unsign_9kh:divider|alt_u_div_64f:divider ; alt_u_div_64f       ; work         ;
;       |lpm_divide:Mod0|                   ; 36 (0)              ; 0 (0)                     ; 0           ; 0            ; 0       ; 0         ; 0    ; 0            ; |FINAL|counter:display_counter|lpm_divide:Mod0                                                                                 ; lpm_divide          ; work         ;
;          |lpm_divide_m9m:auto_generated|  ; 36 (0)              ; 0 (0)                     ; 0           ; 0            ; 0       ; 0         ; 0    ; 0            ; |FINAL|counter:display_counter|lpm_divide:Mod0|lpm_divide_m9m:auto_generated                                                   ; lpm_divide_m9m      ; work         ;
;             |sign_div_unsign_bkh:divider| ; 36 (0)              ; 0 (0)                     ; 0           ; 0            ; 0       ; 0         ; 0    ; 0            ; |FINAL|counter:display_counter|lpm_divide:Mod0|lpm_divide_m9m:auto_generated|sign_div_unsign_bkh:divider                       ; sign_div_unsign_bkh ; work         ;
;                |alt_u_div_a4f:divider|    ; 36 (36)             ; 0 (0)                     ; 0           ; 0            ; 0       ; 0         ; 0    ; 0            ; |FINAL|counter:display_counter|lpm_divide:Mod0|lpm_divide_m9m:auto_generated|sign_div_unsign_bkh:divider|alt_u_div_a4f:divider ; alt_u_div_a4f       ; work         ;
+-------------------------------------------+---------------------+---------------------------+-------------+--------------+---------+-----------+------+--------------+--------------------------------------------------------------------------------------------------------------------------------+---------------------+--------------+
Note: For table entries with two numbers listed, the numbers in parentheses indicate the number of resources of the given type used by the specific entity alone. The numbers listed outside of parentheses indicate the total resources of the given type used by the specific entity and all of its sub-entities in the hierarchy.


+--------------------------------------------------------------------------------+
; Registers Removed During Synthesis                                             ;
+---------------------------------------+----------------------------------------+
; Register name                         ; Reason for Removal                     ;
+---------------------------------------+----------------------------------------+
; estado_actual.MANTENIMIENTO           ; Stuck at GND due to stuck port data_in ;
; Total Number of Removed Registers = 1 ;                                        ;
+---------------------------------------+----------------------------------------+


+------------------------------------------------------+
; General Register Statistics                          ;
+----------------------------------------------+-------+
; Statistic                                    ; Value ;
+----------------------------------------------+-------+
; Total registers                              ; 12    ;
; Number of registers using Synchronous Clear  ; 0     ;
; Number of registers using Synchronous Load   ; 0     ;
; Number of registers using Asynchronous Clear ; 10    ;
; Number of registers using Asynchronous Load  ; 0     ;
; Number of registers using Clock Enable       ; 10    ;
; Number of registers using Preset             ; 0     ;
+----------------------------------------------+-------+


+------------------------------------------------------------------------------------------------------------------------------------------+
; Multiplexer Restructuring Statistics (Restructuring Performed)                                                                           ;
+--------------------+-----------+---------------+----------------------+------------------------+------------+----------------------------+
; Multiplexer Inputs ; Bus Width ; Baseline Area ; Area if Restructured ; Saving if Restructured ; Registered ; Example Multiplexer Output ;
+--------------------+-----------+---------------+----------------------+------------------------+------------+----------------------------+
; 7:1                ; 3 bits    ; 12 LEs        ; 0 LEs                ; 12 LEs                 ; Yes        ; |FINAL|count[0]            ;
; 7:1                ; 3 bits    ; 12 LEs        ; 0 LEs                ; 12 LEs                 ; Yes        ; |FINAL|count[1]            ;
; 10:1               ; 2 bits    ; 12 LEs        ; 2 LEs                ; 10 LEs                 ; Yes        ; |FINAL|estado_actual.VACIO ;
+--------------------+-----------+---------------+----------------------+------------------------+------------+----------------------------+


+------------------------------------------------------------------------------------------+
; Parameter Settings for Inferred Entity Instance: counter:display_counter|lpm_divide:Mod0 ;
+------------------------+----------------+------------------------------------------------+
; Parameter Name         ; Value          ; Type                                           ;
+------------------------+----------------+------------------------------------------------+
; LPM_WIDTHN             ; 6              ; Untyped                                        ;
; LPM_WIDTHD             ; 6              ; Untyped                                        ;
; LPM_NREPRESENTATION    ; UNSIGNED       ; Untyped                                        ;
; LPM_DREPRESENTATION    ; UNSIGNED       ; Untyped                                        ;
; LPM_PIPELINE           ; 0              ; Untyped                                        ;
; LPM_REMAINDERPOSITIVE  ; TRUE           ; Untyped                                        ;
; MAXIMIZE_SPEED         ; 5              ; Untyped                                        ;
; CBXI_PARAMETER         ; lpm_divide_m9m ; Untyped                                        ;
; CARRY_CHAIN            ; MANUAL         ; Untyped                                        ;
; OPTIMIZE_FOR_SPEED     ; 5              ; Untyped                                        ;
; AUTO_CARRY_CHAINS      ; ON             ; AUTO_CARRY                                     ;
; IGNORE_CARRY_BUFFERS   ; OFF            ; IGNORE_CARRY                                   ;
; AUTO_CASCADE_CHAINS    ; ON             ; AUTO_CASCADE                                   ;
; IGNORE_CASCADE_BUFFERS ; OFF            ; IGNORE_CASCADE                                 ;
+------------------------+----------------+------------------------------------------------+
Note: In order to hide this table in the UI and the text report file, please set the "Show Parameter Settings in Synthesis Report" option in "Analysis and Synthesis Settings -> More Settings" to "Off".


+------------------------------------------------------------------------------------------+
; Parameter Settings for Inferred Entity Instance: counter:display_counter|lpm_divide:Div0 ;
+------------------------+----------------+------------------------------------------------+
; Parameter Name         ; Value          ; Type                                           ;
+------------------------+----------------+------------------------------------------------+
; LPM_WIDTHN             ; 6              ; Untyped                                        ;
; LPM_WIDTHD             ; 4              ; Untyped                                        ;
; LPM_NREPRESENTATION    ; UNSIGNED       ; Untyped                                        ;
; LPM_DREPRESENTATION    ; UNSIGNED       ; Untyped                                        ;
; LPM_PIPELINE           ; 0              ; Untyped                                        ;
; LPM_REMAINDERPOSITIVE  ; TRUE           ; Untyped                                        ;
; MAXIMIZE_SPEED         ; 5              ; Untyped                                        ;
; CBXI_PARAMETER         ; lpm_divide_hhm ; Untyped                                        ;
; CARRY_CHAIN            ; MANUAL         ; Untyped                                        ;
; OPTIMIZE_FOR_SPEED     ; 5              ; Untyped                                        ;
; AUTO_CARRY_CHAINS      ; ON             ; AUTO_CARRY                                     ;
; IGNORE_CARRY_BUFFERS   ; OFF            ; IGNORE_CARRY                                   ;
; AUTO_CASCADE_CHAINS    ; ON             ; AUTO_CASCADE                                   ;
; IGNORE_CASCADE_BUFFERS ; OFF            ; IGNORE_CASCADE                                 ;
+------------------------+----------------+------------------------------------------------+
Note: In order to hide this table in the UI and the text report file, please set the "Show Parameter Settings in Synthesis Report" option in "Analysis and Synthesis Settings -> More Settings" to "Off".


+-----------------------------------------------------+
; Post-Synthesis Netlist Statistics for Top Partition ;
+-----------------------+-----------------------------+
; Type                  ; Count                       ;
+-----------------------+-----------------------------+
; boundary_port         ; 25                          ;
; cycloneiii_ff         ; 12                          ;
;     CLR               ; 2                           ;
;     ENA               ; 2                           ;
;     ENA CLR           ; 8                           ;
; cycloneiii_lcell_comb ; 130                         ;
;     arith             ; 28                          ;
;         2 data inputs ; 6                           ;
;         3 data inputs ; 22                          ;
;     normal            ; 102                         ;
;         0 data inputs ; 7                           ;
;         1 data inputs ; 2                           ;
;         2 data inputs ; 47                          ;
;         3 data inputs ; 16                          ;
;         4 data inputs ; 30                          ;
;                       ;                             ;
; Max LUT depth         ; 11.10                       ;
; Average LUT depth     ; 8.27                        ;
+-----------------------+-----------------------------+


+-------------------------------+
; Elapsed Time Per Partition    ;
+----------------+--------------+
; Partition Name ; Elapsed Time ;
+----------------+--------------+
; Top            ; 00:00:01     ;
+----------------+--------------+


+-------------------------------+
; Analysis & Synthesis Messages ;
+-------------------------------+
Info: *******************************************************************
Info: Running Quartus Prime Analysis & Synthesis
    Info: Version 23.1std.0 Build 991 11/28/2023 SC Lite Edition
    Info: Processing started: Wed Dec  4 16:49:05 2024
Info: Command: quartus_map --read_settings_files=on --write_settings_files=off FINAL -c FINAL
Warning (18236): Number of processors has not been specified which may cause overloading on shared machines.  Set the global assignment NUM_PARALLEL_PROCESSORS in your QSF to an appropriate value for best performance.
Info (20030): Parallel compilation is enabled and will use 2 of the 2 processors detected
Info (12021): Found 2 design units, including 1 entities, in source file counter.vhd
    Info (12022): Found design unit 1: counter-Behavioral File: /home/saao/repositorios/Repositorio_Github/Universidad Del Norte/diseño digital/FINAL/counter.vhd Line: 13
    Info (12023): Found entity 1: counter File: /home/saao/repositorios/Repositorio_Github/Universidad Del Norte/diseño digital/FINAL/counter.vhd Line: 6
Info (12021): Found 2 design units, including 1 entities, in source file FINAL.vhd
    Info (12022): Found design unit 1: FINAL-Behavioral File: /home/saao/repositorios/Repositorio_Github/Universidad Del Norte/diseño digital/FINAL/FINAL.vhd Line: 23
    Info (12023): Found entity 1: FINAL File: /home/saao/repositorios/Repositorio_Github/Universidad Del Norte/diseño digital/FINAL/FINAL.vhd Line: 4
Info (12127): Elaborating entity "FINAL" for the top level hierarchy
Warning (10036): Verilog HDL or VHDL warning at FINAL.vhd(31): object "cambio_estado" assigned a value but never read File: /home/saao/repositorios/Repositorio_Github/Universidad Del Norte/diseño digital/FINAL/FINAL.vhd Line: 31
Info (10018): Can't recognize finite state machine "estado_actual" because it has a complex reset state
Info (12128): Elaborating entity "counter" for hierarchy "counter:display_counter" File: /home/saao/repositorios/Repositorio_Github/Universidad Del Norte/diseño digital/FINAL/FINAL.vhd Line: 136
Info (278001): Inferred 2 megafunctions from design logic
    Info (278004): Inferred divider/modulo megafunction ("lpm_divide") from the following logic: "counter:display_counter|Mod0" File: /home/saao/repositorios/Repositorio_Github/Universidad Del Norte/diseño digital/FINAL/counter.vhd Line: 31
    Info (278004): Inferred divider/modulo megafunction ("lpm_divide") from the following logic: "counter:display_counter|Div0" File: /home/saao/repositorios/Repositorio_Github/Universidad Del Norte/diseño digital/FINAL/counter.vhd Line: 32
Info (12130): Elaborated megafunction instantiation "counter:display_counter|lpm_divide:Mod0" File: /home/saao/repositorios/Repositorio_Github/Universidad Del Norte/diseño digital/FINAL/counter.vhd Line: 31
Info (12133): Instantiated megafunction "counter:display_counter|lpm_divide:Mod0" with the following parameter: File: /home/saao/repositorios/Repositorio_Github/Universidad Del Norte/diseño digital/FINAL/counter.vhd Line: 31
    Info (12134): Parameter "LPM_WIDTHN" = "6"
    Info (12134): Parameter "LPM_WIDTHD" = "6"
    Info (12134): Parameter "LPM_NREPRESENTATION" = "UNSIGNED"
    Info (12134): Parameter "LPM_DREPRESENTATION" = "UNSIGNED"
Info (12021): Found 1 design units, including 1 entities, in source file db/lpm_divide_m9m.tdf
    Info (12023): Found entity 1: lpm_divide_m9m File: /home/saao/repositorios/Repositorio_Github/Universidad Del Norte/diseño digital/FINAL/db/lpm_divide_m9m.tdf Line: 25
Info (12021): Found 1 design units, including 1 entities, in source file db/sign_div_unsign_bkh.tdf
    Info (12023): Found entity 1: sign_div_unsign_bkh File: /home/saao/repositorios/Repositorio_Github/Universidad Del Norte/diseño digital/FINAL/db/sign_div_unsign_bkh.tdf Line: 25
Info (12021): Found 1 design units, including 1 entities, in source file db/alt_u_div_a4f.tdf
    Info (12023): Found entity 1: alt_u_div_a4f File: /home/saao/repositorios/Repositorio_Github/Universidad Del Norte/diseño digital/FINAL/db/alt_u_div_a4f.tdf Line: 27
Info (12021): Found 1 design units, including 1 entities, in source file db/add_sub_7pc.tdf
    Info (12023): Found entity 1: add_sub_7pc File: /home/saao/repositorios/Repositorio_Github/Universidad Del Norte/diseño digital/FINAL/db/add_sub_7pc.tdf Line: 23
Info (12021): Found 1 design units, including 1 entities, in source file db/add_sub_8pc.tdf
    Info (12023): Found entity 1: add_sub_8pc File: /home/saao/repositorios/Repositorio_Github/Universidad Del Norte/diseño digital/FINAL/db/add_sub_8pc.tdf Line: 23
Info (12130): Elaborated megafunction instantiation "counter:display_counter|lpm_divide:Div0" File: /home/saao/repositorios/Repositorio_Github/Universidad Del Norte/diseño digital/FINAL/counter.vhd Line: 32
Info (12133): Instantiated megafunction "counter:display_counter|lpm_divide:Div0" with the following parameter: File: /home/saao/repositorios/Repositorio_Github/Universidad Del Norte/diseño digital/FINAL/counter.vhd Line: 32
    Info (12134): Parameter "LPM_WIDTHN" = "6"
    Info (12134): Parameter "LPM_WIDTHD" = "4"
    Info (12134): Parameter "LPM_NREPRESENTATION" = "UNSIGNED"
    Info (12134): Parameter "LPM_DREPRESENTATION" = "UNSIGNED"
Info (12021): Found 1 design units, including 1 entities, in source file db/lpm_divide_hhm.tdf
    Info (12023): Found entity 1: lpm_divide_hhm File: /home/saao/repositorios/Repositorio_Github/Universidad Del Norte/diseño digital/FINAL/db/lpm_divide_hhm.tdf Line: 25
Info (12021): Found 1 design units, including 1 entities, in source file db/sign_div_unsign_9kh.tdf
    Info (12023): Found entity 1: sign_div_unsign_9kh File: /home/saao/repositorios/Repositorio_Github/Universidad Del Norte/diseño digital/FINAL/db/sign_div_unsign_9kh.tdf Line: 25
Info (12021): Found 1 design units, including 1 entities, in source file db/alt_u_div_64f.tdf
    Info (12023): Found entity 1: alt_u_div_64f File: /home/saao/repositorios/Repositorio_Github/Universidad Del Norte/diseño digital/FINAL/db/alt_u_div_64f.tdf Line: 27
Warning (13004): Presettable and clearable registers converted to equivalent circuits with latches. Registers power-up to an undefined state, and DEVCLRn places the registers in an undefined state.
    Warning (13310): Register "estado_actual.LLENO" is converted into an equivalent circuit using register "estado_actual.LLENO~_emulated" and latch "estado_actual.LLENO~1" File: /home/saao/repositorios/Repositorio_Github/Universidad Del Norte/diseño digital/FINAL/FINAL.vhd Line: 27
    Warning (13310): Register "estado_actual.VACIO" is converted into an equivalent circuit using register "estado_actual.VACIO~_emulated" and latch "estado_actual.VACIO~1" File: /home/saao/repositorios/Repositorio_Github/Universidad Del Norte/diseño digital/FINAL/FINAL.vhd Line: 27
    Warning (13310): Register "count[1]" is converted into an equivalent circuit using register "count[1]~_emulated" and latch "estado_actual.LLENO~1" File: /home/saao/repositorios/Repositorio_Github/Universidad Del Norte/diseño digital/FINAL/FINAL.vhd Line: 68
    Warning (13310): Register "count[5]" is converted into an equivalent circuit using register "count[5]~_emulated" and latch "estado_actual.LLENO~1" File: /home/saao/repositorios/Repositorio_Github/Universidad Del Norte/diseño digital/FINAL/FINAL.vhd Line: 68
    Warning (13310): Register "count[4]" is converted into an equivalent circuit using register "count[4]~_emulated" and latch "estado_actual.LLENO~1" File: /home/saao/repositorios/Repositorio_Github/Universidad Del Norte/diseño digital/FINAL/FINAL.vhd Line: 68
Warning (13024): Output pins are stuck at VCC or GND
    Warning (13410): Pin "leds[4]" is stuck at GND File: /home/saao/repositorios/Repositorio_Github/Universidad Del Norte/diseño digital/FINAL/FINAL.vhd Line: 12
Info (286030): Timing-Driven Synthesis is running
Critical Warning (18061): Ignored Power-Up Level option on the following registers
    Critical Warning (18010): Register estado_actual.NORMAL will power up to Low File: /home/saao/repositorios/Repositorio_Github/Universidad Del Norte/diseño digital/FINAL/FINAL.vhd Line: 27
Info (16010): Generating hard_block partition "hard_block:auto_generated_inst"
    Info (16011): Adding 0 node(s), including 0 DDIO, 0 PLL, 0 transceiver and 0 LCELL
Info (21057): Implemented 154 device resources after synthesis - the final resource count might be different
    Info (21058): Implemented 6 input pins
    Info (21059): Implemented 19 output pins
    Info (21061): Implemented 129 logic cells
Info: Quartus Prime Analysis & Synthesis was successful. 0 errors, 12 warnings
    Info: Peak virtual memory: 425 megabytes
    Info: Processing ended: Wed Dec  4 16:49:18 2024
    Info: Elapsed time: 00:00:13
    Info: Total CPU time (on all processors): 00:00:30


