Assembler report for seg_7
Mon Oct 14 22:44:28 2024
Quartus Prime Version 23.1std.0 Build 991 11/28/2023 SC Lite Edition


---------------------
; Table of Contents ;
---------------------
  1. Legal Notice
  2. Assembler Summary
  3. Assembler Settings
  4. Assembler Generated Files
  5. Assembler Device Options: seg_7.sof
  6. Assembler Messages



----------------
; Legal Notice ;
----------------
Copyright (C) 2023  Intel Corporation. All rights reserved.
Your use of Intel Corporation's design tools, logic functions 
and other software and tools, and any partner logic 
functions, and any output files from any of the foregoing 
(including device programming or simulation files), and any 
associated documentation or information are expressly subject 
to the terms and conditions of the Intel Program License 
Subscription Agreement, the Intel Quartus Prime License Agreement,
the Intel FPGA IP License Agreement, or other applicable license
agreement, including, without limitation, that your use is for
the sole purpose of programming logic devices manufactured by
Intel and sold by Intel or its authorized distributors.  Please
refer to the applicable agreement for further details, at
https://fpgasoftware.intel.com/eula.



+---------------------------------------------------------------+
; Assembler Summary                                             ;
+-----------------------+---------------------------------------+
; Assembler Status      ; Successful - Mon Oct 14 22:44:28 2024 ;
; Revision Name         ; seg_7                                 ;
; Top-level Entity Name ; seg_7                                 ;
; Family                ; Cyclone IV E                          ;
; Device                ; EP4CE115F29C7                         ;
+-----------------------+---------------------------------------+


+----------------------------------+
; Assembler Settings               ;
+--------+---------+---------------+
; Option ; Setting ; Default Value ;
+--------+---------+---------------+


+---------------------------------------------------------------------------------------------------------------------------+
; Assembler Generated Files                                                                                                 ;
+---------------------------------------------------------------------------------------------------------------------------+
; File Name                                                                                                                 ;
+---------------------------------------------------------------------------------------------------------------------------+
; /home/saao/repositorios/Repositorio_Github/Universidad Del Norte/diseño digital/decodificador_BDC/output_files/seg_7.sof ;
+---------------------------------------------------------------------------------------------------------------------------+


+-------------------------------------+
; Assembler Device Options: seg_7.sof ;
+----------------+--------------------+
; Option         ; Setting            ;
+----------------+--------------------+
; JTAG usercode  ; 0x005649A7         ;
; Checksum       ; 0x005649A7         ;
+----------------+--------------------+


+--------------------+
; Assembler Messages ;
+--------------------+
Info: *******************************************************************
Info: Running Quartus Prime Assembler
    Info: Version 23.1std.0 Build 991 11/28/2023 SC Lite Edition
    Info: Processing started: Mon Oct 14 22:44:23 2024
Info: Command: quartus_asm --read_settings_files=off --write_settings_files=off seg_7 -c seg_7
Warning (18236): Number of processors has not been specified which may cause overloading on shared machines.  Set the global assignment NUM_PARALLEL_PROCESSORS in your QSF to an appropriate value for best performance.
Info (115031): Writing out detailed assembly data for power analysis
Info (115030): Assembler is generating device programming files
Info: Quartus Prime Assembler was successful. 0 errors, 1 warning
    Info: Peak virtual memory: 364 megabytes
    Info: Processing ended: Mon Oct 14 22:44:28 2024
    Info: Elapsed time: 00:00:05
    Info: Total CPU time (on all processors): 00:00:04


